C:\Users\Wayne\Documents\重要文件\VS2010Projects\弹弹堂竞技辅助工具\DDTHelper\Debug\cl.command.1.tlog
C:\Users\Wayne\Documents\重要文件\VS2010Projects\弹弹堂竞技辅助工具\DDTHelper\Debug\CL.read.1.tlog
C:\Users\Wayne\Documents\重要文件\VS2010Projects\弹弹堂竞技辅助工具\DDTHelper\Debug\CL.write.1.tlog
C:\USERS\WAYNE\DOCUMENTS\重要文件\VS2010PROJECTS\弹弹堂竞技辅助工具\DDTHELPER\DEBUG\DDTHELPER.EXE.EMBED.MANIFEST
C:\USERS\WAYNE\DOCUMENTS\重要文件\VS2010PROJECTS\弹弹堂竞技辅助工具\DDTHELPER\DEBUG\DDTHELPER.EXE.EMBED.MANIFEST.RES
C:\USERS\WAYNE\DOCUMENTS\重要文件\VS2010PROJECTS\弹弹堂竞技辅助工具\DDTHELPER\DEBUG\DDTHELPER.EXE.INTERMEDIATE.MANIFEST
C:\USERS\WAYNE\DOCUMENTS\重要文件\VS2010PROJECTS\弹弹堂竞技辅助工具\DDTHELPER\DEBUG\DDTHELPER.OBJ
C:\USERS\WAYNE\DOCUMENTS\重要文件\VS2010PROJECTS\弹弹堂竞技辅助工具\DDTHELPER\DEBUG\DDTHELPER.PCH
C:\USERS\WAYNE\DOCUMENTS\重要文件\VS2010PROJECTS\弹弹堂竞技辅助工具\DDTHELPER\DEBUG\DDTHELPER.RES
C:\Users\Wayne\Documents\重要文件\VS2010Projects\弹弹堂竞技辅助工具\DDTHelper\Debug\DDTHelper_manifest.rc
C:\USERS\WAYNE\DOCUMENTS\重要文件\VS2010PROJECTS\弹弹堂竞技辅助工具\DDTHELPER\DEBUG\DDTHELPERDLG.OBJ
C:\Users\Wayne\Documents\重要文件\VS2010Projects\弹弹堂竞技辅助工具\DDTHelper\Debug\link.command.1.tlog
C:\Users\Wayne\Documents\重要文件\VS2010Projects\弹弹堂竞技辅助工具\DDTHelper\Debug\link.read.1.tlog
C:\Users\Wayne\Documents\重要文件\VS2010Projects\弹弹堂竞技辅助工具\DDTHelper\Debug\link.write.1.tlog
C:\Users\Wayne\Documents\重要文件\VS2010Projects\弹弹堂竞技辅助工具\DDTHelper\Debug\link-cvtres.read.1.tlog
C:\Users\Wayne\Documents\重要文件\VS2010Projects\弹弹堂竞技辅助工具\DDTHelper\Debug\link-cvtres.write.1.tlog
C:\Users\Wayne\Documents\重要文件\VS2010Projects\弹弹堂竞技辅助工具\DDTHelper\Debug\mt.command.1.tlog
C:\Users\Wayne\Documents\重要文件\VS2010Projects\弹弹堂竞技辅助工具\DDTHelper\Debug\mt.read.1.tlog
C:\Users\Wayne\Documents\重要文件\VS2010Projects\弹弹堂竞技辅助工具\DDTHelper\Debug\mt.write.1.tlog
C:\Users\Wayne\Documents\重要文件\VS2010Projects\弹弹堂竞技辅助工具\DDTHelper\Debug\rc.command.1.tlog
C:\Users\Wayne\Documents\重要文件\VS2010Projects\弹弹堂竞技辅助工具\DDTHelper\Debug\rc.read.1.tlog
C:\Users\Wayne\Documents\重要文件\VS2010Projects\弹弹堂竞技辅助工具\DDTHelper\Debug\rc.write.1.tlog
C:\USERS\WAYNE\DOCUMENTS\重要文件\VS2010PROJECTS\弹弹堂竞技辅助工具\DDTHELPER\DEBUG\STDAFX.OBJ
C:\USERS\WAYNE\DOCUMENTS\重要文件\VS2010PROJECTS\弹弹堂竞技辅助工具\DDTHELPER\DEBUG\SUBVIEW.OBJ
C:\USERS\WAYNE\DOCUMENTS\重要文件\VS2010PROJECTS\弹弹堂竞技辅助工具\DDTHELPER\DEBUG\SUBVIEWLIST.OBJ
C:\Users\Wayne\Documents\重要文件\VS2010Projects\弹弹堂竞技辅助工具\DDTHelper\Debug\vc100.idb
C:\USERS\WAYNE\DOCUMENTS\重要文件\VS2010PROJECTS\弹弹堂竞技辅助工具\DDTHELPER\DEBUG\VC100.PDB
C:\USERS\WAYNE\DOCUMENTS\重要文件\VS2010PROJECTS\弹弹堂竞技辅助工具\DDTHELPER\DEBUG\XTPWND.OBJ
C:\USERS\WAYNE\DOCUMENTS\重要文件\VS2010PROJECTS\弹弹堂竞技辅助工具\DEBUG\DDTHELPER.EXE
C:\USERS\WAYNE\DOCUMENTS\重要文件\VS2010PROJECTS\弹弹堂竞技辅助工具\DEBUG\DDTHELPER.ILK
C:\USERS\WAYNE\DOCUMENTS\重要文件\VS2010PROJECTS\弹弹堂竞技辅助工具\DEBUG\DDTHELPER.PDB
