生成启动时间为 2012/8/16 3:52:43。
     1>项目“C:\Users\Wayne\Documents\重要文件\VS2010Projects\弹弹堂竞技辅助工具\DDTHelper\DDTHelper.vcxproj”在节点 2 上(build 个目标)。
     1>InitializeBuildStatus:
         正在创建“Debug\DDTHelper.unsuccessfulbuild”，因为已指定“AlwaysCreate”。
       ClCompile:
         所有输出均为最新。
         c:\Program Files (x86)\Microsoft Visual Studio 10.0\VC\bin\CL.exe /c /ZI /nologo /W3 /WX- /Od /Oy- /D WIN32 /D _WINDOWS /D _DEBUG /D _MBCS /Gm /EHsc /RTC1 /MTd /GS /fp:precise /Zc:wchar_t /Zc:forScope /Yu"StdAfx.h" /Fp"Debug\DDTHelper.pch" /Fo"Debug\\" /Fd"Debug\vc100.pdb" /Gd /TP /analyze- /errorReport:prompt DDTHelperDlg.cpp
         DDTHelperDlg.cpp
     1>c:\users\wayne\documents\重要文件\vs2010projects\弹弹堂竞技辅助工具\ddthelper\ddthelperdlg.cpp(2460): warning C4101: “angle”: 未引用的局部变量
       ResourceCompile:
         所有输出均为最新。
       ManifestResourceCompile:
         所有输出均为最新。
       Link:
         c:\Program Files (x86)\Microsoft Visual Studio 10.0\VC\bin\link.exe /ERRORREPORT:PROMPT /OUT:"C:\Users\Wayne\Documents\重要文件\VS2010Projects\弹弹堂竞技辅助工具\Debug\DDTHelper.exe" /INCREMENTAL /NOLOGO /MANIFEST /ManifestFile:"Debug\DDTHelper.exe.intermediate.manifest" /MANIFESTUAC:"level='asInvoker' uiAccess='false'" /DEBUG /PDB:"C:\Users\Wayne\Documents\重要文件\VS2010Projects\弹弹堂竞技辅助工具\Debug\DDTHelper.pdb" /SUBSYSTEM:WINDOWS /TLBID:1 /DYNAMICBASE /NXCOMPAT /IMPLIB:"C:\Users\Wayne\Documents\重要文件\VS2010Projects\弹弹堂竞技辅助工具\Debug\DDTHelper.lib" /MACHINE:X86 Debug\DDTHelper.res
         Debug\DDTHelper.exe.embed.manifest.res
         Debug\DDTHelper.obj
         Debug\DDTHelperDlg.obj
         Debug\stdafx.obj
         Debug\Subview.obj
         Debug\SubviewList.obj
         Debug\XTPWnd.obj
       Manifest:
         c:\Program Files (x86)\Microsoft SDKs\Windows\v7.0A\bin\mt.exe /nologo /verbose /out:"Debug\DDTHelper.exe.embed.manifest" /manifest Debug\DDTHelper.exe.intermediate.manifest "c:\Program Files (x86)\Microsoft Visual Studio 10.0\VC\Include\Manifest\dpiaware.manifest"
         所有输出均为最新。
       LinkEmbedManifest:
         所有输出均为最新。
         DDTHelper.vcxproj -> C:\Users\Wayne\Documents\重要文件\VS2010Projects\弹弹堂竞技辅助工具\Debug\DDTHelper.exe
       FinalizeBuildStatus:
         正在删除文件“Debug\DDTHelper.unsuccessfulbuild”。
         正在对“Debug\DDTHelper.lastbuildstate”执行 Touch 任务。
     1>已完成生成项目“C:\Users\Wayne\Documents\重要文件\VS2010Projects\弹弹堂竞技辅助工具\DDTHelper\DDTHelper.vcxproj”(build 个目标)的操作。

生成成功。

已用时间 00:00:00.60
