生成启动时间为 2012/9/27 17:27:02。
项目“C:\Users\Wayne\Documents\重要文件\VS2010Projects\公司人员出入情况表\PeopleInOutList\PeopleInOutList.vcxproj”在节点 2 上(build 个目标)。
InitializeBuildStatus:
  正在创建“Debug\PeopleInOutList.unsuccessfulbuild”，因为已指定“AlwaysCreate”。
ClCompile:
  所有输出均为最新。
  c:\Program Files (x86)\Microsoft Visual Studio 10.0\VC\bin\CL.exe /c /ZI /nologo /W3 /WX- /Od /Oy- /D WIN32 /D _WINDOWS /D _DEBUG /D _MBCS /Gm /EHsc /RTC1 /MTd /GS /fp:precise /Zc:wchar_t /Zc:forScope /Yu"StdAfx.h" /Fp"Debug\PeopleInOutList.pch" /Fo"Debug\\" /Fd"Debug\vc100.pdb" /Gd /TP /analyze- /errorReport:prompt PeopleInOutListDlg.cpp
  PeopleInOutListDlg.cpp
ResourceCompile:
  所有输出均为最新。
ManifestResourceCompile:
  所有输出均为最新。
Link:
  c:\Program Files (x86)\Microsoft Visual Studio 10.0\VC\bin\link.exe /ERRORREPORT:PROMPT /OUT:"C:\Users\Wayne\Documents\重要文件\VS2010Projects\公司人员出入情况表\Debug\PeopleInOutList.exe" /INCREMENTAL /NOLOGO /MANIFEST /ManifestFile:"Debug\PeopleInOutList.exe.intermediate.manifest" /MANIFESTUAC:"level='asInvoker' uiAccess='false'" /DEBUG /PDB:"C:\Users\Wayne\Documents\重要文件\VS2010Projects\公司人员出入情况表\Debug\PeopleInOutList.pdb" /SUBSYSTEM:WINDOWS /TLBID:1 /DYNAMICBASE /NXCOMPAT /IMPLIB:"C:\Users\Wayne\Documents\重要文件\VS2010Projects\公司人员出入情况表\Debug\PeopleInOutList.lib" /MACHINE:X86 Debug\PeopleInOutList.res
  Debug\PeopleInOutList.exe.embed.manifest.res
  Debug\PeopleInOutList.obj
  Debug\PeopleInOutListDlg.obj
  Debug\stdafx.obj
Manifest:
  c:\Program Files (x86)\Microsoft SDKs\Windows\v7.0A\bin\mt.exe /nologo /verbose /out:"Debug\PeopleInOutList.exe.embed.manifest" /manifest Debug\PeopleInOutList.exe.intermediate.manifest "c:\Program Files (x86)\Microsoft Visual Studio 10.0\VC\Include\Manifest\dpiaware.manifest"
  所有输出均为最新。
LinkEmbedManifest:
  所有输出均为最新。
  PeopleInOutList.vcxproj -> C:\Users\Wayne\Documents\重要文件\VS2010Projects\公司人员出入情况表\Debug\PeopleInOutList.exe
FinalizeBuildStatus:
  正在删除文件“Debug\PeopleInOutList.unsuccessfulbuild”。
  正在对“Debug\PeopleInOutList.lastbuildstate”执行 Touch 任务。
已完成生成项目“C:\Users\Wayne\Documents\重要文件\VS2010Projects\公司人员出入情况表\PeopleInOutList\PeopleInOutList.vcxproj”(build 个目标)的操作。

生成成功。

已用时间 00:00:02.65
