C:\USERS\ACHILLES\DESKTOP\公司人员出入情况表\DEBUG\PEOPLEINOUTLIST.EXE
C:\USERS\ACHILLES\DESKTOP\公司人员出入情况表\DEBUG\PEOPLEINOUTLIST.ILK
C:\USERS\ACHILLES\DESKTOP\公司人员出入情况表\DEBUG\PEOPLEINOUTLIST.PDB
C:\USERS\ACHILLES\DESKTOP\公司人员出入情况表\PEOPLEINOUTLIST\DEBUG\PEOPLEINOUTLIST.EXE.EMBED.MANIFEST.RES
C:\USERS\ACHILLES\DESKTOP\公司人员出入情况表\PEOPLEINOUTLIST\DEBUG\PEOPLEINOUTLIST.EXE.INTERMEDIATE.MANIFEST
C:\USERS\ACHILLES\DESKTOP\公司人员出入情况表\PEOPLEINOUTLIST\DEBUG\PEOPLEINOUTLIST.OBJ
C:\USERS\ACHILLES\DESKTOP\公司人员出入情况表\PEOPLEINOUTLIST\DEBUG\PEOPLEINOUTLIST.PCH
C:\USERS\ACHILLES\DESKTOP\公司人员出入情况表\PEOPLEINOUTLIST\DEBUG\PEOPLEINOUTLIST.RES
C:\USERS\ACHILLES\DESKTOP\公司人员出入情况表\PEOPLEINOUTLIST\DEBUG\PEOPLEINOUTLISTDLG.OBJ
C:\USERS\ACHILLES\DESKTOP\公司人员出入情况表\PEOPLEINOUTLIST\DEBUG\STDAFX.OBJ
C:\USERS\ACHILLES\DESKTOP\公司人员出入情况表\PEOPLEINOUTLIST\DEBUG\VC100.PDB
C:\USERS\WAYNE\DOCUMENTS\VISUAL STUDIO 2010\PROJECTS\公司人员出入情况表\DEBUG\PEOPLEINOUTLIST.EXE
C:\USERS\WAYNE\DOCUMENTS\VISUAL STUDIO 2010\PROJECTS\公司人员出入情况表\DEBUG\PEOPLEINOUTLIST.ILK
C:\USERS\WAYNE\DOCUMENTS\VISUAL STUDIO 2010\PROJECTS\公司人员出入情况表\DEBUG\PEOPLEINOUTLIST.PDB
C:\USERS\WAYNE\DOCUMENTS\VISUAL STUDIO 2010\PROJECTS\公司人员出入情况表\PEOPLEINOUTLIST\DEBUG\PEOPLEINOUTLIST.EXE.EMBED.MANIFEST
C:\USERS\WAYNE\DOCUMENTS\VISUAL STUDIO 2010\PROJECTS\公司人员出入情况表\PEOPLEINOUTLIST\DEBUG\PEOPLEINOUTLIST.EXE.EMBED.MANIFEST.RES
C:\USERS\WAYNE\DOCUMENTS\VISUAL STUDIO 2010\PROJECTS\公司人员出入情况表\PEOPLEINOUTLIST\DEBUG\PEOPLEINOUTLIST.EXE.INTERMEDIATE.MANIFEST
C:\USERS\WAYNE\DOCUMENTS\VISUAL STUDIO 2010\PROJECTS\公司人员出入情况表\PEOPLEINOUTLIST\DEBUG\PEOPLEINOUTLIST.OBJ
C:\USERS\WAYNE\DOCUMENTS\VISUAL STUDIO 2010\PROJECTS\公司人员出入情况表\PEOPLEINOUTLIST\DEBUG\PEOPLEINOUTLIST.PCH
C:\USERS\WAYNE\DOCUMENTS\VISUAL STUDIO 2010\PROJECTS\公司人员出入情况表\PEOPLEINOUTLIST\DEBUG\PEOPLEINOUTLIST.RES
C:\USERS\WAYNE\DOCUMENTS\VISUAL STUDIO 2010\PROJECTS\公司人员出入情况表\PEOPLEINOUTLIST\DEBUG\PEOPLEINOUTLISTDLG.OBJ
C:\USERS\WAYNE\DOCUMENTS\VISUAL STUDIO 2010\PROJECTS\公司人员出入情况表\PEOPLEINOUTLIST\DEBUG\STDAFX.OBJ
C:\USERS\WAYNE\DOCUMENTS\VISUAL STUDIO 2010\PROJECTS\公司人员出入情况表\PEOPLEINOUTLIST\DEBUG\VC100.PDB
C:\重要文件\VS2010PROJECTS\公司人员出入情况表\DEBUG\PEOPLEINOUTLIST.EXE
C:\重要文件\VS2010PROJECTS\公司人员出入情况表\DEBUG\PEOPLEINOUTLIST.ILK
C:\重要文件\VS2010PROJECTS\公司人员出入情况表\DEBUG\PEOPLEINOUTLIST.PDB
C:\重要文件\VS2010Projects\公司人员出入情况表\PeopleInOutList\Debug\cl.command.1.tlog
C:\重要文件\VS2010Projects\公司人员出入情况表\PeopleInOutList\Debug\CL.read.1.tlog
C:\重要文件\VS2010Projects\公司人员出入情况表\PeopleInOutList\Debug\CL.write.1.tlog
C:\重要文件\VS2010Projects\公司人员出入情况表\PeopleInOutList\Debug\link.1324.read.1.tlog
C:\重要文件\VS2010Projects\公司人员出入情况表\PeopleInOutList\Debug\link.1324.write.1.tlog
C:\重要文件\VS2010Projects\公司人员出入情况表\PeopleInOutList\Debug\link.1324-cvtres.read.1.tlog
C:\重要文件\VS2010Projects\公司人员出入情况表\PeopleInOutList\Debug\link.1324-cvtres.write.1.tlog
C:\重要文件\VS2010Projects\公司人员出入情况表\PeopleInOutList\Debug\link.4388.read.1.tlog
C:\重要文件\VS2010Projects\公司人员出入情况表\PeopleInOutList\Debug\link.4388.write.1.tlog
C:\重要文件\VS2010Projects\公司人员出入情况表\PeopleInOutList\Debug\link.4388-cvtres.read.1.tlog
C:\重要文件\VS2010Projects\公司人员出入情况表\PeopleInOutList\Debug\link.4388-cvtres.write.1.tlog
C:\重要文件\VS2010Projects\公司人员出入情况表\PeopleInOutList\Debug\link.command.1.tlog
C:\重要文件\VS2010Projects\公司人员出入情况表\PeopleInOutList\Debug\link.read.1.tlog
C:\重要文件\VS2010Projects\公司人员出入情况表\PeopleInOutList\Debug\link.write.1.tlog
C:\重要文件\VS2010Projects\公司人员出入情况表\PeopleInOutList\Debug\link-cvtres.read.1.tlog
C:\重要文件\VS2010Projects\公司人员出入情况表\PeopleInOutList\Debug\link-cvtres.write.1.tlog
C:\重要文件\VS2010Projects\公司人员出入情况表\PeopleInOutList\Debug\mt.command.1.tlog
C:\重要文件\VS2010Projects\公司人员出入情况表\PeopleInOutList\Debug\mt.read.1.tlog
C:\重要文件\VS2010Projects\公司人员出入情况表\PeopleInOutList\Debug\mt.write.1.tlog
C:\重要文件\VS2010Projects\公司人员出入情况表\PeopleInOutList\Debug\PeopleInOutList.exe.embed.manifest
C:\重要文件\VS2010PROJECTS\公司人员出入情况表\PEOPLEINOUTLIST\DEBUG\PEOPLEINOUTLIST.EXE.EMBED.MANIFEST.RES
C:\重要文件\VS2010PROJECTS\公司人员出入情况表\PEOPLEINOUTLIST\DEBUG\PEOPLEINOUTLIST.EXE.INTERMEDIATE.MANIFEST
C:\重要文件\VS2010PROJECTS\公司人员出入情况表\PEOPLEINOUTLIST\DEBUG\PEOPLEINOUTLIST.OBJ
C:\重要文件\VS2010PROJECTS\公司人员出入情况表\PEOPLEINOUTLIST\DEBUG\PEOPLEINOUTLIST.PCH
C:\重要文件\VS2010PROJECTS\公司人员出入情况表\PEOPLEINOUTLIST\DEBUG\PEOPLEINOUTLIST.RES
C:\重要文件\VS2010Projects\公司人员出入情况表\PeopleInOutList\Debug\PeopleInOutList_manifest.rc
C:\重要文件\VS2010PROJECTS\公司人员出入情况表\PEOPLEINOUTLIST\DEBUG\PEOPLEINOUTLISTDLG.OBJ
C:\重要文件\VS2010Projects\公司人员出入情况表\PeopleInOutList\Debug\rc.command.1.tlog
C:\重要文件\VS2010Projects\公司人员出入情况表\PeopleInOutList\Debug\rc.read.1.tlog
C:\重要文件\VS2010Projects\公司人员出入情况表\PeopleInOutList\Debug\rc.write.1.tlog
C:\重要文件\VS2010PROJECTS\公司人员出入情况表\PEOPLEINOUTLIST\DEBUG\STDAFX.OBJ
C:\重要文件\VS2010Projects\公司人员出入情况表\PeopleInOutList\Debug\vc100.idb
C:\重要文件\VS2010PROJECTS\公司人员出入情况表\PEOPLEINOUTLIST\DEBUG\VC100.PDB
